2019-08-10T22:53:40+08:00 DEBUG: --- STARTUP TIME --- 1565448820.6201
2019-08-10T22:53:40+08:00 DEBUG: session_id: 7mvb40bbq8kv7koq9dpf1gmv75
2019-08-10T22:53:40+08:00 INFO: REQUEST METHOD：POST
2019-08-10T22:53:40+08:00 DEBUG: REQUEST UDI: default::order/tuipay@default
2019-08-10T22:53:40+08:00 DEBUG: ::1
2019-08-10T22:53:40+08:00 DEBUG: EXECUTE ACTION: Controller_Order::actiontuipay()
2019-08-10T22:53:40+08:00 DEBUG: [DB EXECUTE] USE `aliexpress`
2019-08-10T22:53:40+08:00 DEBUG: [DB EXECUTE] SET NAMES 'utf8'
2019-08-10T22:53:40+08:00 DEBUG: [DB EXECUTE] SELECT `tb_order`.*   FROM `aliexpress`.`tb_order`   WHERE ((order_id='11787' and order_status='6')) LIMIT 1
2019-08-10T22:53:40+08:00 DEBUG: [DB EXECUTE] INSERT INTO `aliexpress`.`tb_order_logs` (`order_id`, `staff_id`, `staff_name`, `create_time`, `comment`) VALUES (11787, 1, '孙启瑞', 1565448820, '订单状态: 已出库 > 已支付, 末端物流单号: EA921362384CN > , 渠道ID: 20 > 0, 打单账号: EMS > ')
2019-08-10T22:53:40+08:00 DEBUG: [DB EXECUTE] UPDATE `aliexpress`.`tb_order` SET `tracking_no` = NULL, `channel_id` = 0, `account` = NULL, `order_status` = '4', `update_time` = 1565448820 WHERE `aliexpress`.`tb_order`.`order_id` = '11787'
2019-08-10T22:53:40+08:00 DEBUG: [DB EXECUTE] SELECT `tb_fee`.*   FROM `aliexpress`.`tb_fee`   WHERE ((order_id='11787' and fee_type="2"))
2019-08-10T22:53:40+08:00 DEBUG: [DB EXECUTE] DELETE FROM `aliexpress`.`tb_fee` WHERE `aliexpress`.`tb_fee`.`fee_id` = '52257'
2019-08-10T22:53:40+08:00 DEBUG: [DB EXECUTE] DELETE FROM `aliexpress`.`tb_fee` WHERE `aliexpress`.`tb_fee`.`fee_id` = '52258'
2019-08-10T22:53:40+08:00 DEBUG: [DB EXECUTE] SHOW FULL COLUMNS FROM `aliexpress`.`tb_sub_code`
2019-08-10T22:53:40+08:00 DEBUG: [DB EXECUTE] SELECT `tb_sub_code`.*   FROM `aliexpress`.`tb_sub_code`   WHERE ((order_id='11787'))
2019-08-10T22:53:40+08:00 DEBUG: [DB EXECUTE] DELETE FROM `aliexpress`.`tb_sub_code` WHERE `aliexpress`.`tb_sub_code`.`sub_code_id` = '10186'
2019-08-10T22:53:40+08:00 DEBUG: 孙启瑞
2019-08-10T22:53:40+08:00 DEBUG: --- SHUTDOWN TIME --- 1565448820.6943 (0.074196100234985)sec
2019-08-10T22:53:42+08:00 DEBUG: --- STARTUP TIME --- 1565448822.8098
2019-08-10T22:53:42+08:00 DEBUG: session_id: 7mvb40bbq8kv7koq9dpf1gmv75
2019-08-10T22:53:42+08:00 INFO: REQUEST METHOD：GET
2019-08-10T22:53:42+08:00 DEBUG: REQUEST UDI: default::order/detail@default
2019-08-10T22:53:42+08:00 DEBUG: ::1
2019-08-10T22:53:42+08:00 DEBUG: EXECUTE ACTION: Controller_Order::actiondetail()
2019-08-10T22:53:42+08:00 DEBUG: [DB EXECUTE] USE `aliexpress`
2019-08-10T22:53:42+08:00 DEBUG: [DB EXECUTE] SET NAMES 'utf8'
2019-08-10T22:53:42+08:00 DEBUG: [DB EXECUTE] SELECT `tb_order`.*   FROM `aliexpress`.`tb_order`   WHERE ((order_id='11787')) LIMIT 1
2019-08-10T22:53:42+08:00 DEBUG: 孙启瑞
2019-08-10T22:53:42+08:00 DEBUG: [DB EXECUTE] SELECT `tb_staff_role`.*   FROM `aliexpress`.`tb_staff_role`   WHERE ((staff_id = '1'))
2019-08-10T22:53:42+08:00 DEBUG: [DB EXECUTE] SELECT `tb_role_purview`.*   FROM `aliexpress`.`tb_role_purview`   WHERE ((role_id in (1)))   GROUP BY purview_path
2019-08-10T22:53:42+08:00 DEBUG: [DB EXECUTE] SELECT `tb_product`.*   FROM `aliexpress`.`tb_product`   WHERE ((product_name = 'EMS-FY')) LIMIT 1
2019-08-10T22:53:42+08:00 DEBUG: [DB EXECUTE] SELECT `tb_order_logs`.*   FROM `aliexpress`.`tb_order_logs`   WHERE ((`tb_order_logs`.`order_id` = '11787'))   ORDER BY `tb_order_logs`.`create_time` desc
2019-08-10T22:53:42+08:00 DEBUG: [DB EXECUTE] SELECT `tb_file`.*   FROM `aliexpress`.`tb_file`   WHERE ((`tb_file`.`order_id` = '11787'))
2019-08-10T22:53:42+08:00 DEBUG: --- SHUTDOWN TIME --- 1565448822.8935 (0.083667039871216)sec
2019-08-10T22:53:43+08:00 DEBUG: --- STARTUP TIME --- 1565448823.0769
2019-08-10T22:53:43+08:00 DEBUG: session_id: 7mvb40bbq8kv7koq9dpf1gmv75
2019-08-10T22:53:43+08:00 INFO: REQUEST METHOD：GET
2019-08-10T22:53:43+08:00 DEBUG: REQUEST UDI: default::order/editdetail@default
2019-08-10T22:53:43+08:00 DEBUG: ::1
2019-08-10T22:53:43+08:00 DEBUG: EXECUTE ACTION: Controller_Order::actioneditdetail()
2019-08-10T22:53:43+08:00 DEBUG: [DB EXECUTE] USE `aliexpress`
2019-08-10T22:53:43+08:00 DEBUG: [DB EXECUTE] SET NAMES 'utf8'
2019-08-10T22:53:43+08:00 DEBUG: [DB EXECUTE] SELECT `tb_order`.*   FROM `aliexpress`.`tb_order`   WHERE ((order_id='11787')) LIMIT 1
2019-08-10T22:53:43+08:00 DEBUG: [DB EXECUTE] SELECT `tb_fee`.*   FROM `aliexpress`.`tb_fee`   WHERE ((`tb_fee`.`order_id` = '11787'))
2019-08-10T22:53:43+08:00 DEBUG: [DB EXECUTE] SELECT `tb_relevant_department`.*   FROM `aliexpress`.`tb_relevant_department`   WHERE ((staff_id='1'))
2019-08-10T22:53:43+08:00 DEBUG: [DB EXECUTE] SELECT `tb_department`.*   FROM `aliexpress`.`tb_department`   WHERE ((department_id in (1,6,7,8,9,10,11,12,13,14,15,16,17,18,19,20,21,22,23,24)))
2019-08-10T22:53:43+08:00 DEBUG: 孙启瑞
2019-08-10T22:53:43+08:00 DEBUG: [DB EXECUTE] SELECT `tb_staff_role`.*   FROM `aliexpress`.`tb_staff_role`   WHERE ((staff_id = '1'))
2019-08-10T22:53:43+08:00 DEBUG: [DB EXECUTE] SELECT `tb_role_purview`.*   FROM `aliexpress`.`tb_role_purview`   WHERE ((role_id in (1)))   GROUP BY purview_path
2019-08-10T22:53:43+08:00 DEBUG: [DB EXECUTE] SELECT `tb_channel`.*   FROM `aliexpress`.`tb_channel`
2019-08-10T22:53:43+08:00 DEBUG: [DB EXECUTE] SELECT `tb_order_product`.*   FROM `aliexpress`.`tb_order_product`   WHERE ((`tb_order_product`.`order_id` = '11787'))
2019-08-10T22:53:43+08:00 DEBUG: [DB EXECUTE] SELECT `tb_order_package`.*   FROM `aliexpress`.`tb_order_package`   WHERE ((`tb_order_package`.`order_id` = '11787'))
2019-08-10T22:53:43+08:00 DEBUG: [DB EXECUTE] SELECT `tb_far_package`.*   FROM `aliexpress`.`tb_far_package`   WHERE ((`tb_far_package`.`order_id` = '11787'))
2019-08-10T22:53:43+08:00 DEBUG: [DB EXECUTE] SELECT `tb_far_out_package`.*   FROM `aliexpress`.`tb_far_out_package`   WHERE ((`tb_far_out_package`.`order_id` = '11787'))
2019-08-10T22:53:43+08:00 DEBUG: [DB EXECUTE] SELECT `tb_product`.*   FROM `aliexpress`.`tb_product`   WHERE ((product_name='EMS-FY')) LIMIT 1
2019-08-10T22:53:43+08:00 DEBUG: [DB EXECUTE] SELECT `tb_channel_cost`.*   FROM `aliexpress`.`tb_channel_cost`   WHERE ((channel_id=0 and product_id='2')) LIMIT 1
2019-08-10T22:53:43+08:00 DEBUG: --- SHUTDOWN TIME --- 1565448823.1538 (0.076987028121948)sec
